<?xml version="1.0" encoding="UTF-8"?>
<robot generator="Robot 3.2.2 (Python 3.7.4 on win32)" generated="20210307 22:33:34.327" rpa="false">
<suite id="s1" name="TC1" source="C:\others\P\TestCases\TC1.robot">
<test id="s1-t1" name="LoginTest">
<kw name="Open Browser" library="SeleniumLibrary" type="setup">
<doc>Opens a new browser instance to the optional ``url``.</doc>
<arguments>
<arg>${url}</arg>
<arg>${browser}</arg>
</arguments>
<msg timestamp="20210307 22:33:34.534" level="INFO">Opening browser 'chrome' to base url 'http://automationpractice.com/index.php/'.</msg>
<status status="PASS" starttime="20210307 22:33:34.534" endtime="20210307 22:33:38.186"></status>
</kw>
<kw name="loginToApplication">
<kw name="Click Link" library="SeleniumLibrary">
<doc>Clicks a link identified by ``locator``.</doc>
<arguments>
<arg>xpath://a[contains(text(),'Sign in')]</arg>
</arguments>
<msg timestamp="20210307 22:33:38.187" level="INFO">Clicking link 'xpath://a[contains(text(),'Sign in')]'.</msg>
<status status="PASS" starttime="20210307 22:33:38.187" endtime="20210307 22:33:40.299"></status>
</kw>
<kw name="Input Text" library="SeleniumLibrary">
<doc>Types the given ``text`` into the text field identified by ``locator``.</doc>
<arguments>
<arg>id:email</arg>
<arg>robottesting2021@gmail.com</arg>
</arguments>
<msg timestamp="20210307 22:33:40.300" level="INFO">Typing text 'robottesting2021@gmail.com' into text field 'id:email'.</msg>
<status status="PASS" starttime="20210307 22:33:40.299" endtime="20210307 22:33:40.387"></status>
</kw>
<kw name="Input Text" library="SeleniumLibrary">
<doc>Types the given ``text`` into the text field identified by ``locator``.</doc>
<arguments>
<arg>id:passwd</arg>
<arg>robot2021</arg>
</arguments>
<msg timestamp="20210307 22:33:40.388" level="INFO">Typing text 'robot2021' into text field 'id:passwd'.</msg>
<status status="PASS" starttime="20210307 22:33:40.387" endtime="20210307 22:33:40.466"></status>
</kw>
<kw name="Click Element" library="SeleniumLibrary">
<doc>Click the element identified by ``locator``.</doc>
<arguments>
<arg>id:SubmitLogin</arg>
</arguments>
<msg timestamp="20210307 22:33:40.466" level="INFO">Clicking element 'id:SubmitLogin'.</msg>
<status status="PASS" starttime="20210307 22:33:40.466" endtime="20210307 22:33:42.678"></status>
</kw>
<status status="PASS" starttime="20210307 22:33:38.187" endtime="20210307 22:33:42.678"></status>
</kw>
<kw name="Page Should Contain" library="SeleniumLibrary">
<doc>Verifies that current page contains ``text``.</doc>
<arguments>
<arg>My account</arg>
</arguments>
<msg timestamp="20210307 22:33:42.690" level="INFO">Current page contains text 'My account'.</msg>
<status status="PASS" starttime="20210307 22:33:42.678" endtime="20210307 22:33:42.690"></status>
</kw>
<kw name="Sleep" library="BuiltIn">
<doc>Pauses the test executed for the given time.</doc>
<arguments>
<arg>5</arg>
</arguments>
<msg timestamp="20210307 22:33:47.691" level="INFO">Slept 5 seconds</msg>
<status status="PASS" starttime="20210307 22:33:42.690" endtime="20210307 22:33:47.691"></status>
</kw>
<kw name="Close Browser" library="SeleniumLibrary" type="teardown">
<doc>Closes the current browser.</doc>
<status status="PASS" starttime="20210307 22:33:47.692" endtime="20210307 22:33:49.871"></status>
</kw>
<tags>
<tag>smoke</tag>
</tags>
<status status="PASS" starttime="20210307 22:33:34.533" endtime="20210307 22:33:49.872" critical="yes"></status>
</test>
<test id="s1-t2" name="SearchTest">
<kw name="Open Browser" library="SeleniumLibrary" type="setup">
<doc>Opens a new browser instance to the optional ``url``.</doc>
<arguments>
<arg>${url}</arg>
<arg>${browser}</arg>
</arguments>
<msg timestamp="20210307 22:33:49.874" level="INFO">Opening browser 'chrome' to base url 'http://automationpractice.com/index.php/'.</msg>
<status status="PASS" starttime="20210307 22:33:49.874" endtime="20210307 22:33:53.301"></status>
</kw>
<kw name="search">
<kw name="Input Text" library="SeleniumLibrary">
<doc>Types the given ``text`` into the text field identified by ``locator``.</doc>
<arguments>
<arg>id:search_query_top</arg>
<arg>dress</arg>
</arguments>
<msg timestamp="20210307 22:33:53.302" level="INFO">Typing text 'dress' into text field 'id:search_query_top'.</msg>
<status status="PASS" starttime="20210307 22:33:53.302" endtime="20210307 22:33:53.373"></status>
</kw>
<kw name="Click Element" library="SeleniumLibrary">
<doc>Click the element identified by ``locator``.</doc>
<arguments>
<arg>xpath://header/div[3]/div[1]/div[1]/div[2]/form[1]/button[1]</arg>
</arguments>
<msg timestamp="20210307 22:33:53.373" level="INFO">Clicking element 'xpath://header/div[3]/div[1]/div[1]/div[2]/form[1]/button[1]'.</msg>
<status status="PASS" starttime="20210307 22:33:53.373" endtime="20210307 22:33:54.290"></status>
</kw>
<status status="PASS" starttime="20210307 22:33:53.301" endtime="20210307 22:33:54.290"></status>
</kw>
<kw name="Page Should Contain" library="SeleniumLibrary">
<doc>Verifies that current page contains ``text``.</doc>
<arguments>
<arg>results have been found</arg>
</arguments>
<msg timestamp="20210307 22:33:54.306" level="INFO">Current page contains text 'results have been found'.</msg>
<status status="PASS" starttime="20210307 22:33:54.291" endtime="20210307 22:33:54.306"></status>
</kw>
<kw name="Sleep" library="BuiltIn">
<doc>Pauses the test executed for the given time.</doc>
<arguments>
<arg>5</arg>
</arguments>
<msg timestamp="20210307 22:33:59.309" level="INFO">Slept 5 seconds</msg>
<status status="PASS" starttime="20210307 22:33:54.306" endtime="20210307 22:33:59.309"></status>
</kw>
<kw name="Close Browser" library="SeleniumLibrary" type="teardown">
<doc>Closes the current browser.</doc>
<status status="PASS" starttime="20210307 22:33:59.309" endtime="20210307 22:34:01.479"></status>
</kw>
<tags>
<tag>regression</tag>
</tags>
<status status="PASS" starttime="20210307 22:33:49.873" endtime="20210307 22:34:01.480" critical="yes"></status>
</test>
<test id="s1-t3" name="ViewItemTest">
<kw name="Open Browser" library="SeleniumLibrary" type="setup">
<doc>Opens a new browser instance to the optional ``url``.</doc>
<arguments>
<arg>${url}</arg>
<arg>${browser}</arg>
</arguments>
<msg timestamp="20210307 22:34:01.482" level="INFO">Opening browser 'chrome' to base url 'http://automationpractice.com/index.php/'.</msg>
<status status="PASS" starttime="20210307 22:34:01.482" endtime="20210307 22:34:05.834"></status>
</kw>
<kw name="viewItem">
<kw name="Click Element" library="SeleniumLibrary">
<doc>Click the element identified by ``locator``.</doc>
<arguments>
<arg>xpath://header/div[3]/div[1]/div[1]/div[1]/a[1]/img[1]</arg>
</arguments>
<msg timestamp="20210307 22:34:05.836" level="INFO">Clicking element 'xpath://header/div[3]/div[1]/div[1]/div[1]/a[1]/img[1]'.</msg>
<status status="PASS" starttime="20210307 22:34:05.835" endtime="20210307 22:34:07.066"></status>
</kw>
<kw name="Click Element" library="SeleniumLibrary">
<doc>Click the element identified by ``locator``.</doc>
<arguments>
<arg>//body/div[@id='page']/div[2]/div[1]/div[2]/div[1]/div[1]/ul[1]/li[1]/div[1]/div[1]/div[1]/a[1]/img[1]</arg>
</arguments>
<msg timestamp="20210307 22:34:07.067" level="INFO">Clicking element '//body/div[@id='page']/div[2]/div[1]/div[2]/div[1]/div[1]/ul[1]/li[1]/div[1]/div[1]/div[1]/a[1]/img[1]'.</msg>
<status status="PASS" starttime="20210307 22:34:07.067" endtime="20210307 22:34:08.499"></status>
</kw>
<status status="PASS" starttime="20210307 22:34:05.835" endtime="20210307 22:34:08.499"></status>
</kw>
<kw name="Page Should Contain" library="SeleniumLibrary">
<doc>Verifies that current page contains ``text``.</doc>
<arguments>
<arg>Data sheet</arg>
</arguments>
<msg timestamp="20210307 22:34:08.510" level="INFO">Current page contains text 'Data sheet'.</msg>
<status status="PASS" starttime="20210307 22:34:08.499" endtime="20210307 22:34:08.510"></status>
</kw>
<kw name="Sleep" library="BuiltIn">
<doc>Pauses the test executed for the given time.</doc>
<arguments>
<arg>5</arg>
</arguments>
<msg timestamp="20210307 22:34:13.512" level="INFO">Slept 5 seconds</msg>
<status status="PASS" starttime="20210307 22:34:08.510" endtime="20210307 22:34:13.512"></status>
</kw>
<kw name="Close Browser" library="SeleniumLibrary" type="teardown">
<doc>Closes the current browser.</doc>
<status status="PASS" starttime="20210307 22:34:13.512" endtime="20210307 22:34:15.692"></status>
</kw>
<tags>
<tag>sanity</tag>
</tags>
<status status="PASS" starttime="20210307 22:34:01.481" endtime="20210307 22:34:15.693" critical="yes"></status>
</test>
<status status="PASS" starttime="20210307 22:33:34.329" endtime="20210307 22:34:15.695"></status>
</suite>
<statistics>
<total>
<stat pass="3" fail="0">Critical Tests</stat>
<stat pass="3" fail="0">All Tests</stat>
</total>
<tag>
<stat pass="1" fail="0">regression</stat>
<stat pass="1" fail="0">sanity</stat>
<stat pass="1" fail="0">smoke</stat>
</tag>
<suite>
<stat pass="3" fail="0" id="s1" name="TC1">TC1</stat>
</suite>
</statistics>
<errors>
</errors>
</robot>
