<?xml version="1.0" encoding="UTF-8"?>
<robot generator="Robot 3.1.2 (Python 3.7.4 on win32)" generated="20210308 09:31:52.172" rpa="false">
<suite id="s1" name="TC" source="C:\others\Practise\TestCases\TC.robot">
<test id="s1-t1" name="LoginTest">
<kw name="Open Browser" library="SeleniumLibrary" type="setup">
<doc>Opens a new browser instance to the optional ``url``.</doc>
<arguments>
<arg>${url}</arg>
<arg>${browser}</arg>
</arguments>
<msg timestamp="20210308 09:31:52.422" level="INFO">Opening browser 'chrome' to base url 'http://automationpractice.com/index.php/'.</msg>
<status status="PASS" starttime="20210308 09:31:52.422" endtime="20210308 09:31:56.007"></status>
</kw>
<kw name="loginToApplication">
<kw name="Click Link" library="SeleniumLibrary">
<doc>Clicks a link identified by ``locator``.</doc>
<arguments>
<arg>xpath://a[contains(text(),'Sign in')]</arg>
</arguments>
<msg timestamp="20210308 09:31:56.008" level="INFO">Clicking link 'xpath://a[contains(text(),'Sign in')]'.</msg>
<status status="PASS" starttime="20210308 09:31:56.008" endtime="20210308 09:31:57.888"></status>
</kw>
<kw name="Input Text" library="SeleniumLibrary">
<doc>Types the given ``text`` into the text field identified by ``locator``.</doc>
<arguments>
<arg>id:email</arg>
<arg>robottesting2021@gmail.com</arg>
</arguments>
<msg timestamp="20210308 09:31:57.889" level="INFO">Typing text 'robottesting2021@gmail.com' into text field 'id:email'.</msg>
<status status="PASS" starttime="20210308 09:31:57.889" endtime="20210308 09:31:57.974"></status>
</kw>
<kw name="Input Text" library="SeleniumLibrary">
<doc>Types the given ``text`` into the text field identified by ``locator``.</doc>
<arguments>
<arg>id:passwd</arg>
<arg>robot2021</arg>
</arguments>
<msg timestamp="20210308 09:31:57.974" level="INFO">Typing text 'robot2021' into text field 'id:passwd'.</msg>
<status status="PASS" starttime="20210308 09:31:57.974" endtime="20210308 09:31:58.045"></status>
</kw>
<kw name="Click Element" library="SeleniumLibrary">
<doc>Click the element identified by ``locator``.</doc>
<arguments>
<arg>id:SubmitLogin</arg>
</arguments>
<msg timestamp="20210308 09:31:58.045" level="INFO">Clicking element 'id:SubmitLogin'.</msg>
<status status="PASS" starttime="20210308 09:31:58.045" endtime="20210308 09:31:59.622"></status>
</kw>
<status status="PASS" starttime="20210308 09:31:56.008" endtime="20210308 09:31:59.622"></status>
</kw>
<kw name="Page Should Contain" library="SeleniumLibrary">
<doc>Verifies that current page contains ``text``.</doc>
<arguments>
<arg>My account</arg>
</arguments>
<msg timestamp="20210308 09:31:59.636" level="INFO">Current page contains text 'My account'.</msg>
<status status="PASS" starttime="20210308 09:31:59.622" endtime="20210308 09:31:59.636"></status>
</kw>
<kw name="Sleep" library="BuiltIn">
<doc>Pauses the test executed for the given time.</doc>
<arguments>
<arg>5</arg>
</arguments>
<msg timestamp="20210308 09:32:04.658" level="INFO">Slept 5 seconds</msg>
<status status="PASS" starttime="20210308 09:31:59.636" endtime="20210308 09:32:04.658"></status>
</kw>
<kw name="Close Browser" library="SeleniumLibrary" type="teardown">
<doc>Closes the current browser.</doc>
<status status="PASS" starttime="20210308 09:32:04.658" endtime="20210308 09:32:06.826"></status>
</kw>
<tags>
<tag>smoke</tag>
</tags>
<status status="PASS" starttime="20210308 09:31:52.422" endtime="20210308 09:32:06.826" critical="yes"></status>
</test>
<test id="s1-t2" name="SearchTest">
<kw name="Open Browser" library="SeleniumLibrary" type="setup">
<doc>Opens a new browser instance to the optional ``url``.</doc>
<arguments>
<arg>${url}</arg>
<arg>${browser}</arg>
</arguments>
<msg timestamp="20210308 09:32:06.826" level="INFO">Opening browser 'chrome' to base url 'http://automationpractice.com/index.php/'.</msg>
<status status="PASS" starttime="20210308 09:32:06.826" endtime="20210308 09:32:12.450"></status>
</kw>
<kw name="search">
<kw name="Input Text" library="SeleniumLibrary">
<doc>Types the given ``text`` into the text field identified by ``locator``.</doc>
<arguments>
<arg>id:search_query_top</arg>
<arg>dress</arg>
</arguments>
<msg timestamp="20210308 09:32:12.451" level="INFO">Typing text 'dress' into text field 'id:search_query_top'.</msg>
<status status="PASS" starttime="20210308 09:32:12.450" endtime="20210308 09:32:12.527"></status>
</kw>
<kw name="Click Element" library="SeleniumLibrary">
<doc>Click the element identified by ``locator``.</doc>
<arguments>
<arg>xpath://header/div[3]/div[1]/div[1]/div[2]/form[1]/button[1]</arg>
</arguments>
<msg timestamp="20210308 09:32:12.528" level="INFO">Clicking element 'xpath://header/div[3]/div[1]/div[1]/div[2]/form[1]/button[1]'.</msg>
<status status="PASS" starttime="20210308 09:32:12.528" endtime="20210308 09:32:14.450"></status>
</kw>
<status status="PASS" starttime="20210308 09:32:12.450" endtime="20210308 09:32:14.450"></status>
</kw>
<kw name="Page Should Contain" library="SeleniumLibrary">
<doc>Verifies that current page contains ``text``.</doc>
<arguments>
<arg>results have been found</arg>
</arguments>
<msg timestamp="20210308 09:32:14.479" level="INFO">Current page contains text 'results have been found'.</msg>
<status status="PASS" starttime="20210308 09:32:14.451" endtime="20210308 09:32:14.479"></status>
</kw>
<kw name="Sleep" library="BuiltIn">
<doc>Pauses the test executed for the given time.</doc>
<arguments>
<arg>5</arg>
</arguments>
<msg timestamp="20210308 09:32:19.481" level="INFO">Slept 5 seconds</msg>
<status status="PASS" starttime="20210308 09:32:14.479" endtime="20210308 09:32:19.481"></status>
</kw>
<kw name="Close Browser" library="SeleniumLibrary" type="teardown">
<doc>Closes the current browser.</doc>
<status status="PASS" starttime="20210308 09:32:19.481" endtime="20210308 09:32:21.662"></status>
</kw>
<tags>
<tag>regression</tag>
</tags>
<status status="PASS" starttime="20210308 09:32:06.826" endtime="20210308 09:32:21.662" critical="yes"></status>
</test>
<test id="s1-t3" name="ViewItemTest">
<kw name="Open Browser" library="SeleniumLibrary" type="setup">
<doc>Opens a new browser instance to the optional ``url``.</doc>
<arguments>
<arg>${url}</arg>
<arg>${browser}</arg>
</arguments>
<msg timestamp="20210308 09:32:21.662" level="INFO">Opening browser 'chrome' to base url 'http://automationpractice.com/index.php/'.</msg>
<status status="PASS" starttime="20210308 09:32:21.662" endtime="20210308 09:32:24.561"></status>
</kw>
<kw name="viewItem">
<kw name="Click Element" library="SeleniumLibrary">
<doc>Click the element identified by ``locator``.</doc>
<arguments>
<arg>xpath://header/div[3]/div[1]/div[1]/div[1]/a[1]/img[1]</arg>
</arguments>
<msg timestamp="20210308 09:32:24.562" level="INFO">Clicking element 'xpath://header/div[3]/div[1]/div[1]/div[1]/a[1]/img[1]'.</msg>
<status status="PASS" starttime="20210308 09:32:24.561" endtime="20210308 09:32:25.599"></status>
</kw>
<kw name="Click Element" library="SeleniumLibrary">
<doc>Click the element identified by ``locator``.</doc>
<arguments>
<arg>//body/div[@id='page']/div[2]/div[1]/div[2]/div[1]/div[1]/ul[1]/li[1]/div[1]/div[1]/div[1]/a[1]/img[1]</arg>
</arguments>
<msg timestamp="20210308 09:32:25.599" level="INFO">Clicking element '//body/div[@id='page']/div[2]/div[1]/div[2]/div[1]/div[1]/ul[1]/li[1]/div[1]/div[1]/div[1]/a[1]/img[1]'.</msg>
<status status="PASS" starttime="20210308 09:32:25.599" endtime="20210308 09:32:26.651"></status>
</kw>
<status status="PASS" starttime="20210308 09:32:24.561" endtime="20210308 09:32:26.652"></status>
</kw>
<kw name="Page Should Contain" library="SeleniumLibrary">
<doc>Verifies that current page contains ``text``.</doc>
<arguments>
<arg>Data sheet</arg>
</arguments>
<msg timestamp="20210308 09:32:26.667" level="INFO">Current page contains text 'Data sheet'.</msg>
<status status="PASS" starttime="20210308 09:32:26.652" endtime="20210308 09:32:26.667"></status>
</kw>
<kw name="Sleep" library="BuiltIn">
<doc>Pauses the test executed for the given time.</doc>
<arguments>
<arg>5</arg>
</arguments>
<msg timestamp="20210308 09:32:31.677" level="INFO">Slept 5 seconds</msg>
<status status="PASS" starttime="20210308 09:32:26.667" endtime="20210308 09:32:31.677"></status>
</kw>
<kw name="Close Browser" library="SeleniumLibrary" type="teardown">
<doc>Closes the current browser.</doc>
<status status="PASS" starttime="20210308 09:32:31.677" endtime="20210308 09:32:33.833"></status>
</kw>
<tags>
<tag>sanity</tag>
</tags>
<status status="PASS" starttime="20210308 09:32:21.662" endtime="20210308 09:32:33.833" critical="yes"></status>
</test>
<status status="PASS" starttime="20210308 09:31:52.174" endtime="20210308 09:32:33.833"></status>
</suite>
<statistics>
<total>
<stat pass="3" fail="0">Critical Tests</stat>
<stat pass="3" fail="0">All Tests</stat>
</total>
<tag>
<stat pass="1" fail="0">regression</stat>
<stat pass="1" fail="0">sanity</stat>
<stat pass="1" fail="0">smoke</stat>
</tag>
<suite>
<stat pass="3" fail="0" id="s1" name="TC">TC</stat>
</suite>
</statistics>
<errors>
</errors>
</robot>
